<?xml version="1.0" encoding="UTF-8"?>
<!-- Generated by org.testng.reporters.JUnitReportReporter -->
<testsuite hostname="LAPTOP-5713D38N" failures="0" tests="3" name="zwiftProject.zwiftProjectSample.homePageTest" time="2.644" errors="0" timestamp="2020-06-21T16:17:22 PDT" skipped="0">
  <testcase classname="zwiftProject.zwiftProjectSample.homePageTest" name="validateHomePageLoad" time="0.013"/>
  <system-out/>
  <testcase classname="zwiftProject.zwiftProjectSample.homePageTest" name="validatePageTitle" time="0.801"/>
  <system-out/>
  <testcase classname="zwiftProject.zwiftProjectSample.homePageTest" name="EventsNavigationbar" time="1.830"/>
  <system-out/>
</testsuite> <!-- zwiftProject.zwiftProjectSample.homePageTest -->
